<?xml version="1.0" encoding="UTF-8"?>
<testng-results skipped="1" failed="0" total="1" passed="0">
  <reporter-output>
  </reporter-output>
  <suite name="Default suite" duration-ms="4092" started-at="2014-03-15T12:46:29Z" finished-at="2014-03-15T12:46:33Z">
    <groups>
    </groups>
    <test name="Default test" duration-ms="4092" started-at="2014-03-15T12:46:29Z" finished-at="2014-03-15T12:46:33Z">
      <class name="com.dibs.functional.DibsTest">
        <test-method status="FAIL" signature="init()[pri:0, instance:com.dibs.functional.DibsTest@2b4b2d2d]" name="init" is-config="true" duration-ms="0" started-at="2014-03-15T14:46:29Z" finished-at="2014-03-15T14:46:29Z">
          <exception class="org.openqa.selenium.WebDriverException">
            <message>
              <![CDATA[java.net.MalformedURLException: no protocol: 
Build info: version: '2.37.0', revision: 'a7c61cbd68657e133ae96672cf995890bad2ee42', time: '2013-10-18 09:51:02'
System info: host: 'Home-PC', ip: '169.254.75.128', os.name: 'Windows 7', os.arch: 'amd64', os.version: '6.1', java.version: '1.7.0_45'
Driver info: driver.version: HtmlUnitDriver]]>
            </message>
            <full-stacktrace>
              <![CDATA[org.openqa.selenium.WebDriverException: java.net.MalformedURLException: no protocol: 
Build info: version: '2.37.0', revision: 'a7c61cbd68657e133ae96672cf995890bad2ee42', time: '2013-10-18 09:51:02'
System info: host: 'Home-PC', ip: '169.254.75.128', os.name: 'Windows 7', os.arch: 'amd64', os.version: '6.1', java.version: '1.7.0_45'
Driver info: driver.version: HtmlUnitDriver
	at org.openqa.selenium.htmlunit.HtmlUnitDriver.get(HtmlUnitDriver.java:460)
	at com.dibs.applogic2.NavigationHelper2.openMainPage(NavigationHelper2.java:17)
	at com.dibs.applogic2.ApplicationManager2.<init>(ApplicationManager2.java:44)
	at com.dibs.pages.TestBase.init(TestBase.java:15)
	at sun.reflect.NativeMethodAccessorImpl.invoke0(Native Method)
	at sun.reflect.NativeMethodAccessorImpl.invoke(NativeMethodAccessorImpl.java:57)
	at sun.reflect.DelegatingMethodAccessorImpl.invoke(DelegatingMethodAccessorImpl.java:43)
	at java.lang.reflect.Method.invoke(Method.java:606)
	at org.testng.internal.MethodInvocationHelper.invokeMethod(MethodInvocationHelper.java:84)
	at org.testng.internal.Invoker.invokeConfigurationMethod(Invoker.java:564)
	at org.testng.internal.Invoker.invokeConfigurations(Invoker.java:213)
	at org.testng.internal.Invoker.invokeConfigurations(Invoker.java:138)
	at org.testng.internal.TestMethodWorker.invokeBeforeClassMethods(TestMethodWorker.java:175)
	at org.testng.internal.TestMethodWorker.run(TestMethodWorker.java:107)
	at org.testng.TestRunner.privateRun(TestRunner.java:767)
	at org.testng.TestRunner.run(TestRunner.java:617)
	at org.testng.SuiteRunner.runTest(SuiteRunner.java:334)
	at org.testng.SuiteRunner.runSequentially(SuiteRunner.java:329)
	at org.testng.SuiteRunner.privateRun(SuiteRunner.java:291)
	at org.testng.SuiteRunner.run(SuiteRunner.java:240)
	at org.testng.SuiteRunnerWorker.runSuite(SuiteRunnerWorker.java:52)
	at org.testng.SuiteRunnerWorker.run(SuiteRunnerWorker.java:86)
	at org.testng.TestNG.runSuitesSequentially(TestNG.java:1224)
	at org.testng.TestNG.runSuitesLocally(TestNG.java:1149)
	at org.testng.TestNG.run(TestNG.java:1057)
	at org.testng.remote.RemoteTestNG.run(RemoteTestNG.java:111)
	at org.testng.remote.RemoteTestNG.initAndRun(RemoteTestNG.java:204)
	at org.testng.remote.RemoteTestNG.main(RemoteTestNG.java:175)
Caused by: java.net.MalformedURLException: no protocol: 
	at java.net.URL.<init>(URL.java:585)
	at java.net.URL.<init>(URL.java:482)
	at java.net.URL.<init>(URL.java:431)
	at org.openqa.selenium.htmlunit.HtmlUnitDriver.get(HtmlUnitDriver.java:458)
	... 27 more
]]>
            </full-stacktrace>
          </exception> <!-- org.openqa.selenium.WebDriverException -->
          <reporter-output>
          </reporter-output>
        </test-method> <!-- init -->
        <test-method status="SKIP" signature="testDibsSolutionsOK()[pri:0, instance:com.dibs.functional.DibsTest@2b4b2d2d]" name="testDibsSolutionsOK" duration-ms="3" started-at="2014-03-15T14:46:33Z" finished-at="2014-03-15T14:46:33Z">
          <reporter-output>
          </reporter-output>
        </test-method> <!-- testDibsSolutionsOK -->
        <test-method status="SKIP" signature="stop()[pri:0, instance:com.dibs.functional.DibsTest@2b4b2d2d]" name="stop" is-config="true" duration-ms="0" started-at="2014-03-15T14:46:33Z" finished-at="2014-03-15T14:46:33Z">
          <reporter-output>
          </reporter-output>
        </test-method> <!-- stop -->
      </class> <!-- com.dibs.functional.DibsTest -->
    </test> <!-- Default test -->
  </suite> <!-- Default suite -->
</testng-results>
